app/build/outputs/logs/manifest-merger-arm7-debug-report.txt
-- Merging decision tree log ---
manifest
ADDED from src\main\AndroidManifest.xml:3:1-31:12
	package
		ADDED from src\main\AndroidManifest.xml:4:11-48
		INJECTED from src\main\AndroidManifest.xml
		INJECTED from src\main\AndroidManifest.xml
	android:versionName
		ADDED from src\main\AndroidManifest.xml:6:11-36
		INJECTED from src\main\AndroidManifest.xml
		INJECTED from src\main\AndroidManifest.xml
	android:versionCode
		ADDED from src\main\AndroidManifest.xml:5:11-34
		INJECTED from src\main\AndroidManifest.xml
		INJECTED from src\main\AndroidManifest.xml
	xmlns:android
		ADDED from src\main\AndroidManifest.xml:3:11-69
application
ADDED from src\main\AndroidManifest.xml:9:3-29:17
	android:hasCode
		ADDED from src\main\AndroidManifest.xml:14:7-30
	android:label
		ADDED from src\main\AndroidManifest.xml:13:7-39
	android:fullBackupContent
		ADDED from src\main\AndroidManifest.xml:11:7-40
	android:allowBackup
		ADDED from src\main\AndroidManifest.xml:10:7-34
	android:icon
		ADDED from src\main\AndroidManifest.xml:12:7-41
activity#android.app.NativeActivity
ADDED from src\main\AndroidManifest.xml:18:5-28:16
	android:label
		ADDED from src\main\AndroidManifest.xml:19:15-47
	android:configChanges
		ADDED from src\main\AndroidManifest.xml:20:15-65
	android:name
		ADDED from src\main\AndroidManifest.xml:18:15-56
meta-data#android.app.lib_name
ADDED from src\main\AndroidManifest.xml:22:7-23:52
	android:value
		ADDED from src\main\AndroidManifest.xml:23:18-49
	android:name
		ADDED from src\main\AndroidManifest.xml:22:18-53
intent-filter#android.intent.action.MAIN+android.intent.category.LAUNCHER
ADDED from src\main\AndroidManifest.xml:24:7-27:23
action#android.intent.action.MAIN
ADDED from src\main\AndroidManifest.xml:25:9-61
	android:name
		ADDED from src\main\AndroidManifest.xml:25:17-58
category#android.intent.category.LAUNCHER
ADDED from src\main\AndroidManifest.xml:26:9-69
	android:name
		ADDED from src\main\AndroidManifest.xml:26:19-66
uses-sdk
INJECTED from src\main\AndroidManifest.xml reason: use-sdk injection requested
	android:targetSdkVersion
		INJECTED from src\main\AndroidManifest.xml
		INJECTED from src\main\AndroidManifest.xml
	android:minSdkVersion
		INJECTED from src\main\AndroidManifest.xml
		INJECTED from src\main\AndroidManifest.xml